SORD setup
Thu Aug 25 14:56:06 PDT 2005
points: 1
procs: 1
ram per proc: 0
wall time limit: 1
f95  -c output.f95 -o output.o
f95  globals.o dfcn.o dfnc.o hgcn.o hgnc.o snormals.o utils.o input.o init.o gridgen.o matmodel.o fault.o vstep.o wstep.o output.o main.o -o sord-bin
./tarball
sord/readme
sord/fortran/dfcn.f95
sord/fortran/dfnc.f95
sord/fortran/fault.f95
sord/fortran/globals.f95
sord/fortran/gridgen.f95
sord/fortran/hgcn.f95
sord/fortran/hgnc.f95
sord/fortran/init.f95
sord/fortran/input.f95
sord/fortran/main.f95
sord/fortran/matmodel.f95
sord/fortran/output.f95
sord/fortran/snormals.f95
sord/fortran/utils.f95
sord/fortran/vstep.f95
sord/fortran/wstep.f95
sord/fortran/sord
sord/fortran/tarball
sord/fortran/in
sord/fortran/defaults
sord/matlab/cameratoolbar.m
sord/matlab/colorscale.m
sord/matlab/control.m
sord/matlab/crosshairs.m
sord/matlab/defaults.m
sord/matlab/dfcn.m
sord/matlab/dfnc.m
sord/matlab/fault.m
sord/matlab/faultviz.m
sord/matlab/glyphviz.m
sord/matlab/gridgen.m
sord/matlab/hgcn.m
sord/matlab/hgnc.m
sord/matlab/in.m
sord/matlab/init.m
sord/matlab/isosurfviz.m
sord/matlab/kostplot.m
sord/matlab/lineviz.m
sord/matlab/lookat.m
sord/matlab/matmodel.m
sord/matlab/momentsrc.m
sord/matlab/outlineviz.m
sord/matlab/output.m
sord/matlab/planewave.m
sord/matlab/reynoldsglyph.m
sord/matlab/run.m
sord/matlab/scontour.m
sord/matlab/snormals.m
sord/matlab/sord.m
sord/matlab/step.m
sord/matlab/surfviz.m
sord/matlab/timeseriesviz.m
sord/matlab/viz.m
sord/matlab/vstep.m
sord/matlab/wireglyph.m
sord/matlab/wstep.m
sord/matlab/zoneselect.m
sord/matlab/sord
sord/matlab/tarball
sord/matlab/batchjob
SORD - Support Opperator Rupture Dynamics
Reading input file
Grid generation
Material Model
Courant: 1 > 0.73E+00
        1234           2           2           2           5           5           5
   32039.97       32039.97       32039.97       0.000000    
   32039.97       32039.97       32039.97       0.000000    
   32039.97       32039.97       32039.97       0.000000    
   0.000000       0.000000       0.000000       0.000000    
   32039.97       32039.97       32039.97       0.000000    
   32039.97       32039.97       32039.97       0.000000    
   32039.97       32039.97       32039.97       0.000000    
   0.000000       0.000000       0.000000       0.000000    
   32039.97       32039.97       32039.97       0.000000    
   32039.97       32039.97       32039.97       0.000000    
   32039.97       32039.97       32039.97       0.000000    
   0.000000       0.000000       0.000000       0.000000    
   0.000000       0.000000       0.000000       0.000000    
   0.000000       0.000000       0.000000       0.000000    
   0.000000       0.000000       0.000000       0.000000    
   0.000000       0.000000       0.000000       0.000000    
